Arguments: 
  /Users/akan/.nvm/versions/node/v14.19.0/bin/node /opt/homebrew/Cellar/yarn/1.22.17_2/libexec/bin/yarn.js install

PATH: 
  /Users/akan/.nvm/versions/node/v14.19.0/bin:/Users/akan/.pyenv/bin:/opt/homebrew/bin:/opt/homebrew/sbin:/usr/local/bin:/usr/bin:/bin:/usr/sbin:/sbin:/Library/Apple/usr/bin:/Users/akan/.nvm/versions/node/v14.19.0/bin:/Users/akan/.pyenv/bin:/opt/homebrew/bin:/opt/homebrew/sbin:/Users/akan/.cargo/bin:/Users/akan/.foundry/bin:/Users/akan/.foundry/bin

Yarn version: 
  1.22.17

Node version: 
  14.19.0

Platform: 
  darwin x64

Trace: 
  Error: getaddrinfo ENOTFOUND registry.yarnpkg.com
      at GetAddrInfoReqWrap.onlookup [as oncomplete] (dns.js:71:26)

npm manifest: 
  {
    "name": "blank-project-next",
    "private": true,
    "scripts": {
      "dev": "next dev",
      "build": "next build",
      "export": "next export",
      "start": "next start",
      "lint": "next lint"
    },
    "dependencies": {
      "@web3auth/web3auth": "^0.2.3",
      "ethers": "^5.5.3",
      "moralis": "^1.3.0",
      "next": "12.0.8",
      "react": "17.0.2",
      "react-dom": "17.0.2",
      "react-moralis": "^1.0.4",
      "vercel": "^24.2.0",
      "web3": "^1.7.0",
      "web3uikit": "^0.1.19"
    },
    "devDependencies": {
      "eslint": "8.7.0",
      "eslint-config-next": "12.0.8"
    },
    "homepage": "http://web3encore.com/"
  }

yarn manifest: 
  No manifest

Lockfile: 
  No lockfile
